<?xml version="1.0" encoding="UTF-8"?>
<testsuite name="uTest Sign Up" tests="1" skipped="0" failures="0" errors="0" timestamp="2021-11-08T06:11:59" hostname="DESKTOP-5HQO6PR" time="41.023">
  <properties/>
  <testcase name="Create a new profile" classname="uTest Sign Up" time="41.023"/>
  <system-out><![CDATA[]]></system-out>
  <system-err><![CDATA[[Test worker] WARN net.thucydides.core.steps.BaseStepListener - stepStarted: net.thucydides.core.steps.ExecutedStepDescription@139d0f4b
[Test worker] WARN net.thucydides.core.steps.BaseStepListener - stepStarted: net.thucydides.core.steps.ExecutedStepDescription@2e317913
[Test worker] WARN net.thucydides.core.steps.BaseStepListener - stepStarted: net.thucydides.core.steps.ExecutedStepDescription@262b2cb4
nov. 08, 2021 1:12:00 A.M. org.openqa.selenium.remote.DesiredCapabilities chrome
INFORMACIÓN: Using `new ChromeOptions()` is preferred to `DesiredCapabilities.chrome()`
[Test worker] INFO net.serenitybdd.core.webdriver.driverproviders.ProvideNewDriver - Instantiating driver
[Test worker] INFO net.serenitybdd.core.webdriver.driverproviders.ProvideNewDriver - Driver capabilities: Capabilities {acceptInsecureCerts: false, browserName: chrome, chrome.switches: --start-maximized, goog:chromeOptions: {args: [--start-maximized], extensions: []}, loggingPrefs: org.openqa.selenium.logging..., platform: ANY, version: }
Starting ChromeDriver 95.0.4638.54 (d31a821ec901f68d0d34ccdbaea45b4c86ce543e-refs/branch-heads/4638@{#871}) on port 30601
Only local connections are allowed.
Please see https://chromedriver.chromium.org/security-considerations for suggestions on keeping ChromeDriver safe.
ChromeDriver was started successfully.
nov. 08, 2021 1:12:04 A.M. org.openqa.selenium.remote.ProtocolHandshake createSession
INFORMACIÓN: Detected dialect: W3C
[Test worker] WARN net.thucydides.core.steps.BaseStepListener - stepFinished: current outcome:Create a new profile:Given than Daniel wants to create a new profile on the UTest website [Daniel open up [Daniel opens the U test page]]
[Test worker] WARN net.thucydides.core.steps.BaseStepListener - stepFinished: current outcome:Create a new profile:Given than Daniel wants to create a new profile on the UTest website [Daniel open up [Daniel opens the U test page]]
[Test worker] WARN net.thucydides.core.steps.BaseStepListener - stepFinished: current outcome:Create a new profile:Given than Daniel wants to create a new profile on the UTest website [Daniel open up [Daniel opens the U test page]]
[Test worker] WARN net.thucydides.core.steps.BaseStepListener - stepStarted: net.thucydides.core.steps.ExecutedStepDescription@1468b6ab
[Test worker] WARN net.thucydides.core.steps.BaseStepListener - stepStarted: net.thucydides.core.steps.ExecutedStepDescription@75dec9e2
[Test worker] WARN net.thucydides.core.steps.BaseStepListener - stepStarted: net.thucydides.core.steps.ExecutedStepDescription@61954cf6
[Test worker] WARN net.thucydides.core.steps.BaseStepListener - stepFinished: current outcome:Create a new profile:Given than Daniel wants to create a new profile on the UTest website [Daniel open up [Daniel opens the U test page]], When he presses on the Join Today button on the UTest website [Daniel sign up [Daniel clicks on button that shows the sign up page form]]
[Test worker] WARN net.thucydides.core.steps.BaseStepListener - stepFinished: current outcome:Create a new profile:Given than Daniel wants to create a new profile on the UTest website [Daniel open up [Daniel opens the U test page]], When he presses on the Join Today button on the UTest website [Daniel sign up [Daniel clicks on button that shows the sign up page form]]
[Test worker] WARN net.thucydides.core.steps.BaseStepListener - stepFinished: current outcome:Create a new profile:Given than Daniel wants to create a new profile on the UTest website [Daniel open up [Daniel opens the U test page]], When he presses on the Join Today button on the UTest website [Daniel sign up [Daniel clicks on button that shows the sign up page form]]
[Test worker] WARN net.thucydides.core.steps.BaseStepListener - stepStarted: net.thucydides.core.steps.ExecutedStepDescription@3197e374
[Test worker] WARN net.thucydides.core.steps.BaseStepListener - stepStarted: net.thucydides.core.steps.ExecutedStepDescription@38c3ee53
[Test worker] WARN net.thucydides.core.steps.BaseStepListener - stepStarted: net.thucydides.core.steps.ExecutedStepDescription@4d6061d
[Test worker] WARN net.thucydides.core.steps.BaseStepListener - stepFinished: current outcome:Create a new profile:Given than Daniel wants to create a new profile on the UTest website [Daniel open up [Daniel opens the U test page]], When he presses on the Join Today button on the UTest website [Daniel sign up [Daniel clicks on button that shows the sign up page form]], Then he starts filling the form to create a new profile on the UTest website [Daniel fill form [Daniel enters 'Dan' into where the first name is written]]
[Test worker] WARN net.thucydides.core.steps.BaseStepListener - stepStarted: net.thucydides.core.steps.ExecutedStepDescription@2396644a
[Test worker] WARN net.thucydides.core.steps.BaseStepListener - stepFinished: current outcome:Create a new profile:Given than Daniel wants to create a new profile on the UTest website [Daniel open up [Daniel opens the U test page]], When he presses on the Join Today button on the UTest website [Daniel sign up [Daniel clicks on button that shows the sign up page form]], Then he starts filling the form to create a new profile on the UTest website [Daniel fill form [Daniel enters 'Dan' into where the first name is written, Daniel enters 'Ardila' into where the last name is written]]
[Test worker] WARN net.thucydides.core.steps.BaseStepListener - stepStarted: net.thucydides.core.steps.ExecutedStepDescription@7be0dce6
[Test worker] WARN net.thucydides.core.steps.BaseStepListener - stepFinished: current outcome:Create a new profile:Given than Daniel wants to create a new profile on the UTest website [Daniel open up [Daniel opens the U test page]], When he presses on the Join Today button on the UTest website [Daniel sign up [Daniel clicks on button that shows the sign up page form]], Then he starts filling the form to create a new profile on the UTest website [Daniel fill form [Daniel enters 'Dan' into where the first name is written, Daniel enters 'Ardila' into where the last name is written, Daniel enters 'dardilac2@gmail.com' into where the email is written]]
[Test worker] WARN net.thucydides.core.steps.BaseStepListener - stepStarted: net.thucydides.core.steps.ExecutedStepDescription@6aa592a7
[Test worker] WARN net.thucydides.core.steps.BaseStepListener - stepFinished: current outcome:Create a new profile:Given than Daniel wants to create a new profile on the UTest website [Daniel open up [Daniel opens the U test page]], When he presses on the Join Today button on the UTest website [Daniel sign up [Daniel clicks on button that shows the sign up page form]], Then he starts filling the form to create a new profile on the UTest website [Daniel fill form [Daniel enters 'Dan' into where the first name is written, Daniel enters 'Ardila' into where the last name is written, Daniel enters 'dardilac2@gmail.com' into where the email is written, Daniel clicks on where the month is selected]]
[Test worker] WARN net.thucydides.core.steps.BaseStepListener - stepStarted: net.thucydides.core.steps.ExecutedStepDescription@150bc0b5
[Test worker] WARN net.thucydides.core.steps.BaseStepListener - stepFinished: current outcome:Create a new profile:Given than Daniel wants to create a new profile on the UTest website [Daniel open up [Daniel opens the U test page]], When he presses on the Join Today button on the UTest website [Daniel sign up [Daniel clicks on button that shows the sign up page form]], Then he starts filling the form to create a new profile on the UTest website [Daniel fill form [Daniel enters 'Dan' into where the first name is written, Daniel enters 'Ardila' into where the last name is written, Daniel enters 'dardilac2@gmail.com' into where the email is written, Daniel clicks on where the month is selected, Daniel select November on //select[@name='birthMonth']]]
[Test worker] WARN net.thucydides.core.steps.BaseStepListener - stepStarted: net.thucydides.core.steps.ExecutedStepDescription@7e811ce5
[Test worker] WARN net.thucydides.core.steps.BaseStepListener - stepFinished: current outcome:Create a new profile:Given than Daniel wants to create a new profile on the UTest website [Daniel open up [Daniel opens the U test page]], When he presses on the Join Today button on the UTest website [Daniel sign up [Daniel clicks on button that shows the sign up page form]], Then he starts filling the form to create a new profile on the UTest website [Daniel fill form [Daniel enters 'Dan' into where the first name is written, Daniel enters 'Ardila' into where the last name is written, Daniel enters 'dardilac2@gmail.com' into where the email is written, Daniel clicks on where the month is selected, Daniel select November on //select[@name='birthMonth'], Daniel clicks on where the day is selected]]
[Test worker] WARN net.thucydides.core.steps.BaseStepListener - stepStarted: net.thucydides.core.steps.ExecutedStepDescription@111741ca
[Test worker] WARN net.thucydides.core.steps.BaseStepListener - stepFinished: current outcome:Create a new profile:Given than Daniel wants to create a new profile on the UTest website [Daniel open up [Daniel opens the U test page]], When he presses on the Join Today button on the UTest website [Daniel sign up [Daniel clicks on button that shows the sign up page form]], Then he starts filling the form to create a new profile on the UTest website [Daniel fill form [Daniel enters 'Dan' into where the first name is written, Daniel enters 'Ardila' into where the last name is written, Daniel enters 'dardilac2@gmail.com' into where the email is written, Daniel clicks on where the month is selected, Daniel select November on //select[@name='birthMonth'], Daniel clicks on where the day is selected, Daniel select 8 on //select[@name='birthDay']]]
[Test worker] WARN net.thucydides.core.steps.BaseStepListener - stepStarted: net.thucydides.core.steps.ExecutedStepDescription@324d4365
[Test worker] WARN net.thucydides.core.steps.BaseStepListener - stepFinished: current outcome:Create a new profile:Given than Daniel wants to create a new profile on the UTest website [Daniel open up [Daniel opens the U test page]], When he presses on the Join Today button on the UTest website [Daniel sign up [Daniel clicks on button that shows the sign up page form]], Then he starts filling the form to create a new profile on the UTest website [Daniel fill form [Daniel enters 'Dan' into where the first name is written, Daniel enters 'Ardila' into where the last name is written, Daniel enters 'dardilac2@gmail.com' into where the email is written, Daniel clicks on where the month is selected, Daniel select November on //select[@name='birthMonth'], Daniel clicks on where the day is selected, Daniel select 8 on //select[@name='birthDay'], Daniel clicks on where the year is selected]]
[Test worker] WARN net.thucydides.core.steps.BaseStepListener - stepStarted: net.thucydides.core.steps.ExecutedStepDescription@40908766
[Test worker] WARN net.thucydides.core.steps.BaseStepListener - stepFinished: current outcome:Create a new profile:Given than Daniel wants to create a new profile on the UTest website [Daniel open up [Daniel opens the U test page]], When he presses on the Join Today button on the UTest website [Daniel sign up [Daniel clicks on button that shows the sign up page form]], Then he starts filling the form to create a new profile on the UTest website [Daniel fill form [Daniel enters 'Dan' into where the first name is written, Daniel enters 'Ardila' into where the last name is written, Daniel enters 'dardilac2@gmail.com' into where the email is written, Daniel clicks on where the month is selected, Daniel select November on //select[@name='birthMonth'], Daniel clicks on where the day is selected, Daniel select 8 on //select[@name='birthDay'], Daniel clicks on where the year is selected, Daniel select 1992 on //select[@name='birthYear']]]
[Test worker] WARN net.thucydides.core.steps.BaseStepListener - stepStarted: net.thucydides.core.steps.ExecutedStepDescription@2dd50e22
[Test worker] WARN net.thucydides.core.steps.BaseStepListener - stepFinished: current outcome:Create a new profile:Given than Daniel wants to create a new profile on the UTest website [Daniel open up [Daniel opens the U test page]], When he presses on the Join Today button on the UTest website [Daniel sign up [Daniel clicks on button that shows the sign up page form]], Then he starts filling the form to create a new profile on the UTest website [Daniel fill form [Daniel enters 'Dan' into where the first name is written, Daniel enters 'Ardila' into where the last name is written, Daniel enters 'dardilac2@gmail.com' into where the email is written, Daniel clicks on where the month is selected, Daniel select November on //select[@name='birthMonth'], Daniel clicks on where the day is selected, Daniel select 8 on //select[@name='birthDay'], Daniel clicks on where the year is selected, Daniel select 1992 on //select[@name='birthYear'], Daniel clicks on button that shows the location section of the form]]
[Test worker] WARN net.thucydides.core.steps.BaseStepListener - stepStarted: net.thucydides.core.steps.ExecutedStepDescription@2b0ea1df
[Test worker] WARN net.thucydides.core.steps.BaseStepListener - stepFinished: current outcome:Create a new profile:Given than Daniel wants to create a new profile on the UTest website [Daniel open up [Daniel opens the U test page]], When he presses on the Join Today button on the UTest website [Daniel sign up [Daniel clicks on button that shows the sign up page form]], Then he starts filling the form to create a new profile on the UTest website [Daniel fill form [Daniel enters 'Dan' into where the first name is written, Daniel enters 'Ardila' into where the last name is written, Daniel enters 'dardilac2@gmail.com' into where the email is written, Daniel clicks on where the month is selected, Daniel select November on //select[@name='birthMonth'], Daniel clicks on where the day is selected, Daniel select 8 on //select[@name='birthDay'], Daniel clicks on where the year is selected, Daniel select 1992 on //select[@name='birthYear'], Daniel clicks on button that shows the location section of the form, Daniel enters 'Cartagena' into where the city is written]]
[Test worker] WARN net.thucydides.core.steps.BaseStepListener - stepStarted: net.thucydides.core.steps.ExecutedStepDescription@6eab9b6
[Test worker] WARN net.thucydides.core.steps.BaseStepListener - stepFinished: current outcome:Create a new profile:Given than Daniel wants to create a new profile on the UTest website [Daniel open up [Daniel opens the U test page]], When he presses on the Join Today button on the UTest website [Daniel sign up [Daniel clicks on button that shows the sign up page form]], Then he starts filling the form to create a new profile on the UTest website [Daniel fill form [Daniel enters 'Dan' into where the first name is written, Daniel enters 'Ardila' into where the last name is written, Daniel enters 'dardilac2@gmail.com' into where the email is written, Daniel clicks on where the month is selected, Daniel select November on //select[@name='birthMonth'], Daniel clicks on where the day is selected, Daniel select 8 on //select[@name='birthDay'], Daniel clicks on where the year is selected, Daniel select 1992 on //select[@name='birthYear'], Daniel clicks on button that shows the location section of the form, Daniel enters 'Cartagena' into where the city is written, Daniel enters '130011' into where the zip code is written]]
[Test worker] WARN net.thucydides.core.steps.BaseStepListener - stepStarted: net.thucydides.core.steps.ExecutedStepDescription@75dc5be0
[Test worker] WARN net.thucydides.core.steps.BaseStepListener - stepFinished: current outcome:Create a new profile:Given than Daniel wants to create a new profile on the UTest website [Daniel open up [Daniel opens the U test page]], When he presses on the Join Today button on the UTest website [Daniel sign up [Daniel clicks on button that shows the sign up page form]], Then he starts filling the form to create a new profile on the UTest website [Daniel fill form [Daniel enters 'Dan' into where the first name is written, Daniel enters 'Ardila' into where the last name is written, Daniel enters 'dardilac2@gmail.com' into where the email is written, Daniel clicks on where the month is selected, Daniel select November on //select[@name='birthMonth'], Daniel clicks on where the day is selected, Daniel select 8 on //select[@name='birthDay'], Daniel clicks on where the year is selected, Daniel select 1992 on //select[@name='birthYear'], Daniel clicks on button that shows the location section of the form, Daniel enters 'Cartagena' into where the city is written, Daniel enters '130011' into where the zip code is written, Daniel clicks on button that shows the devices section of the form]]
[Test worker] WARN net.thucydides.core.steps.BaseStepListener - stepStarted: net.thucydides.core.steps.ExecutedStepDescription@40c95226
[Test worker] WARN net.thucydides.core.steps.BaseStepListener - stepFinished: current outcome:Create a new profile:Given than Daniel wants to create a new profile on the UTest website [Daniel open up [Daniel opens the U test page]], When he presses on the Join Today button on the UTest website [Daniel sign up [Daniel clicks on button that shows the sign up page form]], Then he starts filling the form to create a new profile on the UTest website [Daniel fill form [Daniel enters 'Dan' into where the first name is written, Daniel enters 'Ardila' into where the last name is written, Daniel enters 'dardilac2@gmail.com' into where the email is written, Daniel clicks on where the month is selected, Daniel select November on //select[@name='birthMonth'], Daniel clicks on where the day is selected, Daniel select 8 on //select[@name='birthDay'], Daniel clicks on where the year is selected, Daniel select 1992 on //select[@name='birthYear'], Daniel clicks on button that shows the location section of the form, Daniel enters 'Cartagena' into where the city is written, Daniel enters '130011' into where the zip code is written, Daniel clicks on button that shows the devices section of the form, Daniel clicks on button that shows the last step section of the form]]
[Test worker] WARN net.thucydides.core.steps.BaseStepListener - stepStarted: net.thucydides.core.steps.ExecutedStepDescription@19ebffe4
[Test worker] WARN net.thucydides.core.steps.BaseStepListener - stepFinished: current outcome:Create a new profile:Given than Daniel wants to create a new profile on the UTest website [Daniel open up [Daniel opens the U test page]], When he presses on the Join Today button on the UTest website [Daniel sign up [Daniel clicks on button that shows the sign up page form]], Then he starts filling the form to create a new profile on the UTest website [Daniel fill form [Daniel enters 'Dan' into where the first name is written, Daniel enters 'Ardila' into where the last name is written, Daniel enters 'dardilac2@gmail.com' into where the email is written, Daniel clicks on where the month is selected, Daniel select November on //select[@name='birthMonth'], Daniel clicks on where the day is selected, Daniel select 8 on //select[@name='birthDay'], Daniel clicks on where the year is selected, Daniel select 1992 on //select[@name='birthYear'], Daniel clicks on button that shows the location section of the form, Daniel enters 'Cartagena' into where the city is written, Daniel enters '130011' into where the zip code is written, Daniel clicks on button that shows the devices section of the form, Daniel clicks on button that shows the last step section of the form, Daniel enters '[C@2aad32ea' into where the password is written]]
[Test worker] WARN net.thucydides.core.steps.BaseStepListener - stepStarted: net.thucydides.core.steps.ExecutedStepDescription@23c5d45c
[Test worker] WARN net.thucydides.core.steps.BaseStepListener - stepFinished: current outcome:Create a new profile:Given than Daniel wants to create a new profile on the UTest website [Daniel open up [Daniel opens the U test page]], When he presses on the Join Today button on the UTest website [Daniel sign up [Daniel clicks on button that shows the sign up page form]], Then he starts filling the form to create a new profile on the UTest website [Daniel fill form [Daniel enters 'Dan' into where the first name is written, Daniel enters 'Ardila' into where the last name is written, Daniel enters 'dardilac2@gmail.com' into where the email is written, Daniel clicks on where the month is selected, Daniel select November on //select[@name='birthMonth'], Daniel clicks on where the day is selected, Daniel select 8 on //select[@name='birthDay'], Daniel clicks on where the year is selected, Daniel select 1992 on //select[@name='birthYear'], Daniel clicks on button that shows the location section of the form, Daniel enters 'Cartagena' into where the city is written, Daniel enters '130011' into where the zip code is written, Daniel clicks on button that shows the devices section of the form, Daniel clicks on button that shows the last step section of the form, Daniel enters '[C@2aad32ea' into where the password is written, Daniel enters '[C@2aad32ea' into where the password is re-written]]
[Test worker] WARN net.thucydides.core.steps.BaseStepListener - stepStarted: net.thucydides.core.steps.ExecutedStepDescription@41caf176
[Test worker] WARN net.thucydides.core.steps.BaseStepListener - stepFinished: current outcome:Create a new profile:Given than Daniel wants to create a new profile on the UTest website [Daniel open up [Daniel opens the U test page]], When he presses on the Join Today button on the UTest website [Daniel sign up [Daniel clicks on button that shows the sign up page form]], Then he starts filling the form to create a new profile on the UTest website [Daniel fill form [Daniel enters 'Dan' into where the first name is written, Daniel enters 'Ardila' into where the last name is written, Daniel enters 'dardilac2@gmail.com' into where the email is written, Daniel clicks on where the month is selected, Daniel select November on //select[@name='birthMonth'], Daniel clicks on where the day is selected, Daniel select 8 on //select[@name='birthDay'], Daniel clicks on where the year is selected, Daniel select 1992 on //select[@name='birthYear'], Daniel clicks on button that shows the location section of the form, Daniel enters 'Cartagena' into where the city is written, Daniel enters '130011' into where the zip code is written, Daniel clicks on button that shows the devices section of the form, Daniel clicks on button that shows the last step section of the form, Daniel enters '[C@2aad32ea' into where the password is written, Daniel enters '[C@2aad32ea' into where the password is re-written, Daniel clicks on where we confirm we have readed and accepted the Terms of Use, and the Code of Conduct]]
[Test worker] WARN net.thucydides.core.steps.BaseStepListener - stepStarted: net.thucydides.core.steps.ExecutedStepDescription@44b3e075
[Test worker] WARN net.thucydides.core.steps.BaseStepListener - stepFinished: current outcome:Create a new profile:Given than Daniel wants to create a new profile on the UTest website [Daniel open up [Daniel opens the U test page]], When he presses on the Join Today button on the UTest website [Daniel sign up [Daniel clicks on button that shows the sign up page form]], Then he starts filling the form to create a new profile on the UTest website [Daniel fill form [Daniel enters 'Dan' into where the first name is written, Daniel enters 'Ardila' into where the last name is written, Daniel enters 'dardilac2@gmail.com' into where the email is written, Daniel clicks on where the month is selected, Daniel select November on //select[@name='birthMonth'], Daniel clicks on where the day is selected, Daniel select 8 on //select[@name='birthDay'], Daniel clicks on where the year is selected, Daniel select 1992 on //select[@name='birthYear'], Daniel clicks on button that shows the location section of the form, Daniel enters 'Cartagena' into where the city is written, Daniel enters '130011' into where the zip code is written, Daniel clicks on button that shows the devices section of the form, Daniel clicks on button that shows the last step section of the form, Daniel enters '[C@2aad32ea' into where the password is written, Daniel enters '[C@2aad32ea' into where the password is re-written, Daniel clicks on where we confirm we have readed and accepted the Terms of Use, and the Code of Conduct, Daniel clicks on where we confirm we have readed and accepted the Privacy and Security Policies]]
[Test worker] WARN net.thucydides.core.steps.BaseStepListener - stepFinished: current outcome:Create a new profile:Given than Daniel wants to create a new profile on the UTest website [Daniel open up [Daniel opens the U test page]], When he presses on the Join Today button on the UTest website [Daniel sign up [Daniel clicks on button that shows the sign up page form]], Then he starts filling the form to create a new profile on the UTest website [Daniel fill form [Daniel enters 'Dan' into where the first name is written, Daniel enters 'Ardila' into where the last name is written, Daniel enters 'dardilac2@gmail.com' into where the email is written, Daniel clicks on where the month is selected, Daniel select November on //select[@name='birthMonth'], Daniel clicks on where the day is selected, Daniel select 8 on //select[@name='birthDay'], Daniel clicks on where the year is selected, Daniel select 1992 on //select[@name='birthYear'], Daniel clicks on button that shows the location section of the form, Daniel enters 'Cartagena' into where the city is written, Daniel enters '130011' into where the zip code is written, Daniel clicks on button that shows the devices section of the form, Daniel clicks on button that shows the last step section of the form, Daniel enters '[C@2aad32ea' into where the password is written, Daniel enters '[C@2aad32ea' into where the password is re-written, Daniel clicks on where we confirm we have readed and accepted the Terms of Use, and the Code of Conduct, Daniel clicks on where we confirm we have readed and accepted the Privacy and Security Policies]]
[Test worker] WARN net.thucydides.core.steps.BaseStepListener - stepFinished: current outcome:Create a new profile:Given than Daniel wants to create a new profile on the UTest website [Daniel open up [Daniel opens the U test page]], When he presses on the Join Today button on the UTest website [Daniel sign up [Daniel clicks on button that shows the sign up page form]], Then he starts filling the form to create a new profile on the UTest website [Daniel fill form [Daniel enters 'Dan' into where the first name is written, Daniel enters 'Ardila' into where the last name is written, Daniel enters 'dardilac2@gmail.com' into where the email is written, Daniel clicks on where the month is selected, Daniel select November on //select[@name='birthMonth'], Daniel clicks on where the day is selected, Daniel select 8 on //select[@name='birthDay'], Daniel clicks on where the year is selected, Daniel select 1992 on //select[@name='birthYear'], Daniel clicks on button that shows the location section of the form, Daniel enters 'Cartagena' into where the city is written, Daniel enters '130011' into where the zip code is written, Daniel clicks on button that shows the devices section of the form, Daniel clicks on button that shows the last step section of the form, Daniel enters '[C@2aad32ea' into where the password is written, Daniel enters '[C@2aad32ea' into where the password is re-written, Daniel clicks on where we confirm we have readed and accepted the Terms of Use, and the Code of Conduct, Daniel clicks on where we confirm we have readed and accepted the Privacy and Security Policies]]
[Test worker] WARN net.thucydides.core.steps.BaseStepListener - testFinished: Create a new profile:Given than Daniel wants to create a new profile on the UTest website [Daniel open up [Daniel opens the U test page]], When he presses on the Join Today button on the UTest website [Daniel sign up [Daniel clicks on button that shows the sign up page form]], Then he starts filling the form to create a new profile on the UTest website [Daniel fill form [Daniel enters 'Dan' into where the first name is written, Daniel enters 'Ardila' into where the last name is written, Daniel enters 'dardilac2@gmail.com' into where the email is written, Daniel clicks on where the month is selected, Daniel select November on //select[@name='birthMonth'], Daniel clicks on where the day is selected, Daniel select 8 on //select[@name='birthDay'], Daniel clicks on where the year is selected, Daniel select 1992 on //select[@name='birthYear'], Daniel clicks on button that shows the location section of the form, Daniel enters 'Cartagena' into where the city is written, Daniel enters '130011' into where the zip code is written, Daniel clicks on button that shows the devices section of the form, Daniel clicks on button that shows the last step section of the form, Daniel enters '[C@2aad32ea' into where the password is written, Daniel enters '[C@2aad32ea' into where the password is re-written, Daniel clicks on where we confirm we have readed and accepted the Terms of Use, and the Code of Conduct, Daniel clicks on where we confirm we have readed and accepted the Privacy and Security Policies]]
[Test worker] WARN net.thucydides.core.steps.BaseStepListener - TestOutcomes: [Create a new profile:Given than Daniel wants to create a new profile on the UTest website [Daniel open up [Daniel opens the U test page]], When he presses on the Join Today button on the UTest website [Daniel sign up [Daniel clicks on button that shows the sign up page form]], Then he starts filling the form to create a new profile on the UTest website [Daniel fill form [Daniel enters 'Dan' into where the first name is written, Daniel enters 'Ardila' into where the last name is written, Daniel enters 'dardilac2@gmail.com' into where the email is written, Daniel clicks on where the month is selected, Daniel select November on //select[@name='birthMonth'], Daniel clicks on where the day is selected, Daniel select 8 on //select[@name='birthDay'], Daniel clicks on where the year is selected, Daniel select 1992 on //select[@name='birthYear'], Daniel clicks on button that shows the location section of the form, Daniel enters 'Cartagena' into where the city is written, Daniel enters '130011' into where the zip code is written, Daniel clicks on button that shows the devices section of the form, Daniel clicks on button that shows the last step section of the form, Daniel enters '[C@2aad32ea' into where the password is written, Daniel enters '[C@2aad32ea' into where the password is re-written, Daniel clicks on where we confirm we have readed and accepted the Terms of Use, and the Code of Conduct, Daniel clicks on where we confirm we have readed and accepted the Privacy and Security Policies]]]
[Test worker] WARN net.thucydides.core.steps.BaseStepListener - Final testOutcomes: [Create a new profile:Given than Daniel wants to create a new profile on the UTest website [Daniel open up [Daniel opens the U test page]], When he presses on the Join Today button on the UTest website [Daniel sign up [Daniel clicks on button that shows the sign up page form]], Then he starts filling the form to create a new profile on the UTest website [Daniel fill form [Daniel enters 'Dan' into where the first name is written, Daniel enters 'Ardila' into where the last name is written, Daniel enters 'dardilac2@gmail.com' into where the email is written, Daniel clicks on where the month is selected, Daniel select November on //select[@name='birthMonth'], Daniel clicks on where the day is selected, Daniel select 8 on //select[@name='birthDay'], Daniel clicks on where the year is selected, Daniel select 1992 on //select[@name='birthYear'], Daniel clicks on button that shows the location section of the form, Daniel enters 'Cartagena' into where the city is written, Daniel enters '130011' into where the zip code is written, Daniel clicks on button that shows the devices section of the form, Daniel clicks on button that shows the last step section of the form, Daniel enters '[C@2aad32ea' into where the password is written, Daniel enters '[C@2aad32ea' into where the password is re-written, Daniel clicks on where we confirm we have readed and accepted the Terms of Use, and the Code of Conduct, Daniel clicks on where we confirm we have readed and accepted the Privacy and Security Policies]]]
[Test worker] INFO net.thucydides.core.steps.ConsoleLoggingListener - 
        __    _____ _____ ____ _____   ____   _    ____  ____  _____ ____  
  _     \ \  |_   _| ____/ ___|_   _| |  _ \ / \  / ___|/ ___|| ____|  _ \ 
 (_)_____| |   | | |  _| \___ \ | |   | |_) / _ \ \___ \\___ \|  _| | | | |
  _|_____| |   | | | |___ ___) || |   |  __/ ___ \ ___) |___) | |___| |_| |
 (_)     | |   |_| |_____|____/ |_|   |_| /_/   \_\____/|____/|_____|____/ 
        /_/                                                                

TEST PASSED: Create a new profile
----------------------------------------------------------------------------
]]></system-err>
</testsuite>
